Build started 14/10/2014 12:19:58.
     1>Project "D:\Control\camera\FlyCapture2\src\FlyCapture2Test\FlyCapture2Test.vcxproj" on node 2 (Build target(s)).
     1>C:\Program Files (x86)\MSBuild\Microsoft.Cpp\v4.0\V110\Microsoft.CppBuild.targets(1137,5): warning MSB8012: TargetPath(D:\Control\camera\FlyCapture2\src\FlyCapture2Test\..\..\bin64\FlyCapture2Test.dll) does not match the Linker's OutputFile property value (D:\Control\camera\FlyCapture2\bin64\FlyCapture2Testd.exe). This may cause your project to build incorrectly. To correct this, please make sure that $(OutDir), $(TargetName) and $(TargetExt) property values match the value specified in %(Link.OutputFile).
     1>C:\Program Files (x86)\MSBuild\Microsoft.Cpp\v4.0\V110\Microsoft.CppBuild.targets(1138,5): warning MSB8012: TargetExt(.dll) does not match the Linker's OutputFile property value (.exe). This may cause your project to build incorrectly. To correct this, please make sure that $(OutDir), $(TargetName) and $(TargetExt) property values match the value specified in %(Link.OutputFile).
     1>C:\Program Files (x86)\MSBuild\Microsoft.Cpp\v4.0\V110\Microsoft.CppBuild.targets(1139,5): warning MSB8012: TargetName(FlyCapture2Test) does not match the Linker's OutputFile property value (FlyCapture2Testd). This may cause your project to build incorrectly. To correct this, please make sure that $(OutDir), $(TargetName) and $(TargetExt) property values match the value specified in %(Link.OutputFile).
     1>Link:
         C:\Program Files (x86)\Microsoft Visual Studio 11.0\VC\bin\x86_amd64\link.exe /ERRORREPORT:PROMPT /OUT:"..\..\bin64\FlyCapture2Testd.exe" /INCREMENTAL /NOLOGO /LIBPATH:..\..\lib64 FlyCapture2d.lib kernel32.lib user32.lib gdi32.lib winspool.lib comdlg32.lib advapi32.lib shell32.lib ole32.lib oleaut32.lib uuid.lib odbc32.lib odbccp32.lib /MANIFEST /MANIFESTUAC:"level='asInvoker' uiAccess='false'" /manifest:embed /DEBUG /PDB:"..\..\bin64\FlyCapture2Test.pdb" /ASSEMBLYDEBUG /SUBSYSTEM:CONSOLE /TLBID:1 /DYNAMICBASE /NXCOMPAT /IMPLIB:"..\..\bin64\FlyCapture2Test.lib" /MACHINE:X64 x64\Debug\FlyCapture2Test.obj
         x64\Debug\stdafx.obj
     1>LINK : fatal error LNK1104: cannot open file 'FlyCapture2d.lib'
     1>Done Building Project "D:\Control\camera\FlyCapture2\src\FlyCapture2Test\FlyCapture2Test.vcxproj" (Build target(s)) -- FAILED.

Build FAILED.

Time Elapsed 00:00:00.11
